2025-04-29 19:40:05 info: Recebendo usuário: [object Object]
2025-04-29 19:41:04 info: Recebendo usuário: [object Object]
2025-04-29 19:42:59 info: Recebendo usuário: 2183213082109
2025-04-29 19:44:10 info: Recebendo usuário: teste15@gmail.com - Fulano Da Silva - 2321890321
2025-04-29 19:46:05 info: Pegando dados: teste16@gmail.com - Fulano Da Silva - 230381290321
2025-04-29 19:46:05 info: Pegando dados: fulano.da.silva9445
2025-04-29 19:48:46 info: Pegando dados: teste20@gmail.com - Fulano Da Silva - 28018392901832190
2025-04-29 19:48:46 info: Pegando dados: fulano.da.silva5690
2025-04-29 19:48:46 info: Token para verificar email: 5d4ecece-3973-4731-b697-88d38a0bf4d5
2025-04-29 19:57:08 info: Pegando dados: teste25@gmail.com - Fulano Da Silva - 2318321093
2025-04-29 19:57:08 info: Pegando dados: fulano.da.silva2600
2025-04-29 19:57:08 info: Token para verificar email: 9d49bf36-d00f-4c79-924a-2e6b5c9f16cd
2025-04-29 19:57:08 info: Transporter: [object Object]
2025-04-29 19:57:08 info: Transporter: [object Object]
2025-04-29 19:58:05 info: Pegando dados: leonisantosf@gmail.com - Fulano - 2391083021893021
2025-04-29 19:58:05 info: Pegando dados: fulano9079
2025-04-29 19:58:05 info: Token para verificar email: db3bbfd5-6912-4cfd-bdcc-3ea6af59edce
2025-04-29 19:58:05 info: Transporter: [object Object]
2025-04-29 19:58:05 info: Transporter: [object Object]
2025-04-29 20:09:24 info: Pegando dados: leonisantosf@gmail.com - Fulano Da Silva - 23910390210-930-21
2025-04-29 20:09:24 info: Pegando dados: fulano.da.silva8717
2025-04-29 20:10:50 info: Pegando dados: leonisantosf@gmail.com - Fulano Da Silva - 23910390210-930-21
2025-04-29 20:10:50 info: Pegando dados: fulano.da.silva5336
2025-04-29 20:11:03 info: Pegando dados: leonisantosf@gmail.com - Fulano Da Silva - 23910390210-930-21
2025-04-29 20:11:03 info: Pegando dados: fulano.da.silva8393
2025-04-29 20:11:15 info: Pegando dados: leonisantosf@gmail.com - Fulano Da Silva - 23910390210-930-21
2025-04-29 20:11:15 info: Pegando dados: fulano.da.silva4879
2025-04-29 20:12:52 info: Pegando dados: leonisantosf@gmail.com - Fulano Da Silva - 23910390210-930-21
2025-04-29 20:12:52 info: Pegando dados: fulano.da.silva8221
2025-04-29 20:13:04 info: Pegando dados: leonisantosf@gmail.com - Fulano Da Silva - 23910390210-930-21
2025-04-29 20:13:04 info: Pegando dados: fulano.da.silva8221
2025-04-29 20:16:01 info: Pegando dados: leonisantosf@gmail.com - Fulano Da Silva - 23910390210-930-21
2025-04-29 20:16:01 info: Pegando dados: fulano.da.silva2125
2025-04-29 20:16:42 info: Pegando dados: leonisantosf@gmail.com - Fulano Da Silva - 23910390210-930-21
2025-04-29 20:16:42 info: Pegando dados: fulano.da.silva2125
2025-04-29 20:16:48 info: Pegando dados: leonisantosf@gmail.com - Fulano Da Silva - 23910390210-930-21
2025-04-29 20:16:48 info: Pegando dados: fulano.da.silva2125
2025-04-29 20:21:42 info: Pegando dados: leonisantosf@gmail.com - Fulano Da Silva - 23910390210-930-21
2025-04-29 20:21:42 info: Pegando dados: fulano.da.silva2125
2025-04-29 20:21:46 info: Pegando dados: leonisantosf@gmail.com - Fulano Da Silva - 23910390210-930-21
2025-04-29 20:21:46 info: Pegando dados: fulano.da.silva2125
2025-04-29 20:24:27 info: Pegando dados: leonisantosf@gmail.com - Fulano Da Silva - 23910390210-930-21
2025-04-29 20:24:27 info: Pegando dados: fulano.da.silva2125
2025-04-29 20:27:59 info: Pegando dados: leonisantosf@gmail.com - Fulano Da Silva - 23910390210-930-21
2025-04-29 20:27:59 info: Pegando dados: fulano.da.silva2125
2025-04-29 20:28:07 info: Pegando dados: leonisantosf@gmail.com - Fulano Da Silva - 23910390210-930-21
2025-04-29 20:28:07 info: Pegando dados: fulano.da.silva2125
2025-04-29 20:28:08 info: Pegando dados: leonisantosf@gmail.com - Fulano Da Silva - 23910390210-930-21
2025-04-29 20:28:08 info: Pegando dados: fulano.da.silva2125
2025-04-29 20:28:13 info: Pegando dados: leonisantosf@gmail.com - Fulano Da Silva - 23910390210-930-21
2025-04-29 20:28:13 info: Pegando dados: fulano.da.silva2125
2025-04-29 20:28:38 info: Pegando dados: leonisantosf@gmail.com - Fulano Da Silva - 23910390210-930-21
2025-04-29 20:28:38 info: Pegando dados: fulano.da.silva2125
2025-04-29 20:28:55 info: Pegando dados: leonisantosf@gmail.com - Fulano Da Silva - 23910390210-930-21
2025-04-29 20:28:55 info: Pegando dados: fulano.da.silva2125
2025-04-29 20:30:50 info: Pegando dados: leonisantosf@gmail.com - Fulano Da Silva - 23910390210-930-21
2025-04-29 20:30:50 info: Pegando dados: fulano.da.silva2125
2025-04-29 20:31:45 info: Pegando dados: leonisantosf@gmail.com - Fulano Da Silva - 20392193012
2025-04-29 20:31:45 info: Pegando dados: fulano.da.silva2125
2025-04-29 20:36:59 info: Pegando dados: leonisantosf@gmail.com - Fulano Da Silva - 20392193012
2025-04-29 20:36:59 info: Pegando dados: fulano.da.silva6337
2025-04-29 20:37:07 info: Pegando dados: leonisantosf@gmail.com - Fulano Da Silva - 20392193012
2025-04-29 20:37:07 info: Pegando dados: fulano.da.silva2735
2025-04-29 20:38:33 info: Pegando dados: leonisantosf@gmail.com - Fulano Da Silva - 20392193012
2025-04-29 20:38:34 info: Pegando dados: fulano.da.silva2735
2025-04-29 20:39:11 info: Pegando dados: leonisantosf@gmail.com - Fulano Da Silva - 20392193012
2025-04-29 20:39:11 info: Pegando dados: fulano.da.silva2735
2025-04-29 20:43:04 info: Pegando dados: leonisantosf@gmail.com - Fulano Da Silva - 20392193012
2025-04-29 20:43:04 info: Pegando dados: fulano.da.silva2735
2025-04-29 20:44:09 info: Pegando dados: teste123@gmail.com - Fulano Da Silva - 20392193012
2025-04-29 20:44:10 info: Pegando dados: fulano.da.silva6668
2025-04-29 20:44:10 info: Token para verificar email: 17d028f8-aac8-4c3c-a230-07e54ada77d7
2025-04-29 20:44:10 info: Transporter: [object Object]
2025-04-29 20:44:10 info: Transporter: [object Object]
2025-04-29 20:45:49 info: Pegando dados: leonisantosf@gmail.com - Fulano Da Silva - 201i392018930
2025-04-29 20:45:49 info: Pegando dados: fulano.da.silva4414
2025-04-29 20:45:49 info: Token para verificar email: f3ef4866-7dec-441d-882e-9370cf9841b6
2025-04-29 20:45:49 info: Transporter: [object Object]
2025-04-29 20:45:49 info: Transporter: [object Object]
2025-04-29 23:46:08 info: Pegando dados: teste@gmail.cm - Fulano - 2813908309210
2025-04-29 23:46:08 info: Pegando dados: fulano8816
2025-04-29 23:46:08 info: Token para verificar email: d6b4dc04-2aeb-4ef9-a1f0-4ce37870f6b6
2025-04-29 23:46:08 info: Transporter: [object Object]
2025-04-29 23:46:08 info: Transporter: [object Object]
2025-04-29 23:46:09 info: Pegando dados: teste@gmail.cm - Fulano - 2813908309210
2025-04-29 23:46:09 info: Pegando dados: fulano7260
2025-04-29 23:46:16 info: Pegando dados: teste23@gmail.cm - Fulano - 2813908309210
2025-04-29 23:46:16 info: Pegando dados: fulano7260
2025-04-29 23:46:16 info: Token para verificar email: 82cc6ead-0eaa-4581-961f-a10a0b6212a2
2025-04-29 23:46:16 info: Transporter: [object Object]
2025-04-29 23:46:16 info: Transporter: [object Object]
2025-04-29 23:46:47 info: Pegando dados: teste@gmail.com - Teste 25 - 213125421421
2025-04-29 23:46:47 info: Pegando dados: teste.257260
2025-04-29 23:46:47 info: Token para verificar email: cef7903a-423b-4d30-8800-7c12a5d2451d
2025-04-29 23:46:47 info: Transporter: [object Object]
2025-04-29 23:46:47 info: Transporter: [object Object]
2025-04-30 08:16:26 info: Pegando dados: leonisantosf@gmail.com - Fulano - 12345678
2025-04-30 08:16:27 info: Pegando dados: leonisantosf@gmail.com - Fulano - 12345678
2025-04-30 08:17:16 info: Pegando dados: leonisantosf@gmail.com - Fulano - 12345678
2025-04-30 08:19:09 info: Pegando dados: leonisantosf@gmail.com - Fulano - 12345678
2025-04-30 08:19:19 info: Pegando dados: leonisantosf@gmail.com - Fulano - @l1e2o3n4i5
2025-04-30 08:20:06 info: Pegando dados: leonisantosf@gmail.com - Fulano - @l1e2o3n4i5
2025-04-30 08:20:27 info: Pegando dados: leonisantosf@gmail.com - Fulano - @l1e2o3n4i5
2025-04-30 08:20:55 info: Pegando dados: leonisantosf@gmail.com - Fulano - @l1e2o3n4i5 - @l1e2o3n4i5
2025-04-30 08:21:27 info: Pegando dados: leonisantosf@gmail.com - Fulano - @L1e2o3n4i5 - @L1e2o3n4i5
2025-04-30 08:21:27 info: Passou no regex
2025-04-30 08:21:27 info: Passou no confirmPassword
2025-04-30 08:21:27 info: Criando username: fulano9375
2025-04-30 08:21:33 info: Pegando dados: leonisantos2@gmail.com - Fulano - @L1e2o3n4i5 - @L1e2o3n4i5
2025-04-30 08:21:33 info: Passou no regex
2025-04-30 08:21:33 info: Passou no confirmPassword
2025-04-30 08:21:33 info: Criando username: fulano9375
2025-04-30 08:21:33 info: Conta criada com sucesso!
2025-04-30 08:21:33 info: Token para verificar email: 8b7b07b0-43db-4f15-93df-6326dc66346a
2025-04-30 08:21:33 info: Transporter: [object Object]
2025-04-30 08:21:33 info: Transporter: [object Object]
2025-04-30 08:21:36 info: Conta criada com sucesso e email enviado para leonisantos2@gmail.com
2025-04-30 08:21:36 info: ========================================================================
